<?xml version="1.0" encoding="UTF-8"?>
<testng-results ignored="0" total="1" passed="1" failed="0" skipped="0">
  <reporter-output>
  </reporter-output>
  <suite started-at="2021-03-15T21:24:26 CET" name="Suite" finished-at="2021-03-15T21:25:00 CET" duration-ms="34561">
    <groups>
    </groups>
    <test started-at="2021-03-15T21:24:26 CET" name="Test" finished-at="2021-03-15T21:25:00 CET" duration-ms="34561">
      <class name="testNG.SingUp">
        <test-method signature="t_01_validate_singup_zero_app()[pri:0, instance:testNG.SingUp@6ab778a]" started-at="2021-03-15T21:24:26 CET" name="t_01_validate_singup_zero_app" finished-at="2021-03-15T21:25:00 CET" duration-ms="34529" status="PASS">
          <reporter-output>
          </reporter-output>
        </test-method> <!-- t_01_validate_singup_zero_app -->
      </class> <!-- testNG.SingUp -->
    </test> <!-- Test -->
  </suite> <!-- Suite -->
</testng-results>
